<?xml version="1.0" encoding="UTF-8"?>
<!-- Generated by org.testng.reporters.JUnitReportReporter -->
<testsuite hostname="DESKTOP-40MS3DL" failures="0" tests="1" name="TestCasePackage.Get_TestClass" time="9.936" errors="0" timestamp="2023-06-10T23:08:10 IST" skipped="0">
  <testcase classname="TestCasePackage.Get_TestClass" name="execute" time="9.936"/>
  <system-out/>
</testsuite> <!-- TestCasePackage.Get_TestClass -->
